<?xml version="1.0" encoding="UTF-8" ?>
<testsuite errors="1" failures="0" hostname="CHILENO.local" name="org.junit.runner.manipulation.Filter" tests="1" time="0.02" timestamp="2015-06-17T15:55:13">
  <properties />
  <testcase classname="org.junit.runner.manipulation.Filter" name="initializationError" time="0.02">
    <error message="No tests found matching grails test target pattern filter from org.junit.runner.Request$1@1abebef3" type="java.lang.Exception">java.lang.Exception: No tests found matching grails test target pattern filter from org.junit.runner.Request$1@1abebef3
</error>
  </testcase>
  <system-out><![CDATA[--Output from initializationError--
]]></system-out>
  <system-err><![CDATA[--Output from initializationError--
]]></system-err>
</testsuite>
